<?xml version="1.0" encoding="UTF-8"?>
<!-- Generated by org.testng.reporters.JUnitXMLReporter -->
<testsuite hostname="DESKTOP-B0PUHGH" ignored="3" name="Create Portfolio-Create New Portfolio-pos-IT.-2" tests="1" failures="0" timestamp="2021-03-13T07:46:18 MST" time="0.031" errors="0">
  <testcase name="@BeforeTest beforeTest" time="0.003" classname="testbase.BaseTest">
    <skipped/>
  </testcase> <!-- @BeforeTest beforeTest -->
  <testcase name="createPortfolio" time="0.0" classname="testcases.rediff.PortfolioManagement">
    <skipped/>
  </testcase> <!-- createPortfolio -->
  <testcase name="selectPortfolio" time="0.0" classname="testcases.rediff.PortfolioManagement">
    <ignored/>
  </testcase> <!-- selectPortfolio -->
  <testcase name="deletePortfolio" time="0.0" classname="testcases.rediff.PortfolioManagement">
    <ignored/>
  </testcase> <!-- deletePortfolio -->
  <testcase name="verifyPortfolio" time="0.0" classname="testcases.rediff.PortfolioManagement">
    <ignored/>
  </testcase> <!-- verifyPortfolio -->
</testsuite> <!-- Create Portfolio-Create New Portfolio-pos-IT.-2 -->
