<?xml version="1.0" encoding="UTF-8"?>
<!-- Generated by org.testng.reporters.JUnitXMLReporter -->
<testsuite hostname="DESKTOP-B0PUHGH" ignored="3" name="Create Portfolio-Create New Portfolio-pos-IT.-1" tests="1" failures="1" timestamp="2021-03-13T07:46:18 MST" time="91.258" errors="0">
  <testcase name="createPortfolio" time="13.691" classname="testcases.rediff.PortfolioManagement">
    <failure type="java.lang.AssertionError" message="The following asserts failed:
	Option Folio1000 not present in Drop down portfolioid_dropdown_id">
      <![CDATA[java.lang.AssertionError: The following asserts failed:
Option Folio1000 not present in Drop down portfolioid_dropdown_id
at keywords.GenericKeywords.assertAll(GenericKeywords.java:217)
at keywords.GenericKeywords.reportFailure(GenericKeywords.java:212)
at keywords.ValidationKeywords.validateSelectedValueInDropDown(ValidationKeywords.java:42)
at testcases.rediff.PortfolioManagement.createPortfolio(PortfolioManagement.java:27)
at java.util.ArrayList.forEach(Unknown Source)
at runner.TestNGRunner.run(TestNGRunner.java:82)
at runner.JSONRunner.main(JSONRunner.java:119)
... Removed 26 stack frames]]>
    </failure>
  </testcase> <!-- createPortfolio -->
  <testcase name="selectPortfolio" time="0.0" classname="testcases.rediff.PortfolioManagement">
    <ignored/>
  </testcase> <!-- selectPortfolio -->
  <testcase name="deletePortfolio" time="0.0" classname="testcases.rediff.PortfolioManagement">
    <ignored/>
  </testcase> <!-- deletePortfolio -->
  <testcase name="verifyPortfolio" time="0.0" classname="testcases.rediff.PortfolioManagement">
    <ignored/>
  </testcase> <!-- verifyPortfolio -->
</testsuite> <!-- Create Portfolio-Create New Portfolio-pos-IT.-1 -->
