<?xml version="1.0" encoding="UTF-8"?>
<!-- Generated by org.testng.reporters.JUnitXMLReporter -->
<testsuite hostname="DESKTOP-B0PUHGH" ignored="3" name="Create Portfolio-Create New Portfolio-neg" tests="1" failures="1" timestamp="2021-02-26T19:22:40 MST" time="30.163" errors="0">
  <testcase name="createPortfolio" time="7.273" classname="testcases.rediff.PortfolioManagement">
    <failure type="java.lang.AssertionError" message="The following asserts failed:
	Option Facebook11 not present in Drop down portfolioid_dropdown_id">
      <![CDATA[java.lang.AssertionError: The following asserts failed:
Option Facebook11 not present in Drop down portfolioid_dropdown_id
at keywords.GenericKeywords.assertAll(GenericKeywords.java:217)
at keywords.GenericKeywords.reportFailure(GenericKeywords.java:212)
at keywords.ValidationKeywords.validateSelectedValueInDropDown(ValidationKeywords.java:42)
at testcases.rediff.PortfolioManagement.createPortfolio(PortfolioManagement.java:24)
at java.util.ArrayList.forEach(Unknown Source)
at runner.TestNGRunner.run(TestNGRunner.java:82)
at runner.JSONRunner.main(JSONRunner.java:98)
... Removed 26 stack frames]]>
    </failure>
  </testcase> <!-- createPortfolio -->
  <testcase name="selectPortfolio" time="0.0" classname="testcases.rediff.PortfolioManagement">
    <ignored/>
  </testcase> <!-- selectPortfolio -->
  <testcase name="deletePortfolio" time="0.0" classname="testcases.rediff.PortfolioManagement">
    <ignored/>
  </testcase> <!-- deletePortfolio -->
  <testcase name="verifyPortfolio" time="0.0" classname="testcases.rediff.PortfolioManagement">
    <ignored/>
  </testcase> <!-- verifyPortfolio -->
</testsuite> <!-- Create Portfolio-Create New Portfolio-neg -->
