<?xml version="1.0" encoding="UTF-8"?>
<!-- Generated by org.testng.reporters.JUnitXMLReporter -->
<testsuite hostname="DESKTOP-B0PUHGH" ignored="3" name="Create Portfolio-Create New Portfolio" tests="1" failures="0" timestamp="2021-02-26T11:45:35 MST" time="85.566" errors="0">
  <testcase name="createPortfolio" time="14.618" classname="testcases.rediff.PortfolioManagement"/>
  <testcase name="selectPortfolio" time="0.0" classname="testcases.rediff.PortfolioManagement">
    <ignored/>
  </testcase> <!-- selectPortfolio -->
  <testcase name="deletePortfolio" time="0.0" classname="testcases.rediff.PortfolioManagement">
    <ignored/>
  </testcase> <!-- deletePortfolio -->
  <testcase name="verifyPortfolio" time="0.0" classname="testcases.rediff.PortfolioManagement">
    <ignored/>
  </testcase> <!-- verifyPortfolio -->
</testsuite> <!-- Create Portfolio-Create New Portfolio -->
