<?xml version="1.0" encoding="UTF-8"?>
<testng-results skipped="4" failed="0" ignored="12" total="16" passed="0">
  <reporter-output>
  </reporter-output>
  <suite name="Portfolio Suite (0)" duration-ms="20690" started-at="2021-03-10T06:39:43 MST" finished-at="2021-03-10T06:40:04 MST">
    <groups>
    </groups>
    <test name="Create Portfolio-Create New Portfolio-pos-IT.-1" duration-ms="20537" started-at="2021-03-10T06:39:43 MST" finished-at="2021-03-10T06:40:04 MST">
      <class name="testcases.rediff.PortfolioManagement">
        <test-method status="FAIL" signature="beforeTest(org.testng.ITestContext)[pri:0, instance:testcases.rediff.PortfolioManagement@b6e64d2]" name="beforeTest" is-config="true" duration-ms="20484" started-at="2021-03-10T06:39:43 MST" finished-at="2021-03-10T06:40:04 MST">
          <params>
            <param index="0">
              <value>
                <![CDATA[org.testng.TestRunner@dc7bf5d]]>
              </value>
            </param>
          </params>
          <exception class="org.openqa.selenium.WebDriverException">
            <message>
              <![CDATA[Timed out waiting for driver server to start.
Build info: version: '4.0.0-alpha-7', revision: 'de8579b6d5'
System info: host: 'DESKTOP-B0PUHGH', ip: '192.168.1.15', os.name: 'Windows 10', os.arch: 'amd64', os.version: '10.0', java.version: '1.8.0_201'
Driver info: driver.version: ChromeDriver]]>
            </message>
            <full-stacktrace>
              <![CDATA[org.openqa.selenium.WebDriverException: Timed out waiting for driver server to start.
Build info: version: '4.0.0-alpha-7', revision: 'de8579b6d5'
System info: host: 'DESKTOP-B0PUHGH', ip: '192.168.1.15', os.name: 'Windows 10', os.arch: 'amd64', os.version: '10.0', java.version: '1.8.0_201'
Driver info: driver.version: ChromeDriver
at org.openqa.selenium.remote.service.DriverService.start(DriverService.java:210)
at org.openqa.selenium.remote.service.DriverCommandExecutor.execute(DriverCommandExecutor.java:83)
at org.openqa.selenium.remote.RemoteWebDriver.execute(RemoteWebDriver.java:501)
at org.openqa.selenium.remote.RemoteWebDriver.startSession(RemoteWebDriver.java:207)
at org.openqa.selenium.remote.RemoteWebDriver.<init>(RemoteWebDriver.java:127)
at org.openqa.selenium.chromium.ChromiumDriver.<init>(ChromiumDriver.java:93)
at org.openqa.selenium.chrome.ChromeDriver.<init>(ChromeDriver.java:163)
at org.openqa.selenium.chrome.ChromeDriver.<init>(ChromeDriver.java:150)
at org.openqa.selenium.chrome.ChromeDriver.<init>(ChromeDriver.java:105)
at keywords.GenericKeywords.openBrowser(GenericKeywords.java:41)
at testbase.BaseTest.beforeTest(BaseTest.java:65)
at sun.reflect.NativeMethodAccessorImpl.invoke0(Native Method)
at sun.reflect.NativeMethodAccessorImpl.invoke(NativeMethodAccessorImpl.java:62)
at sun.reflect.DelegatingMethodAccessorImpl.invoke(DelegatingMethodAccessorImpl.java:43)
at java.lang.reflect.Method.invoke(Method.java:498)
at org.testng.internal.MethodInvocationHelper.invokeMethod(MethodInvocationHelper.java:133)
at org.testng.internal.MethodInvocationHelper.invokeMethodConsideringTimeout(MethodInvocationHelper.java:62)
at org.testng.internal.ConfigInvoker.invokeConfigurationMethod(ConfigInvoker.java:340)
at org.testng.internal.ConfigInvoker.invokeConfigurations(ConfigInvoker.java:294)
at org.testng.TestRunner.invokeTestConfigurations(TestRunner.java:623)
at org.testng.TestRunner.beforeRun(TestRunner.java:613)
at org.testng.TestRunner.run(TestRunner.java:584)
at org.testng.SuiteRunner.runTest(SuiteRunner.java:402)
at org.testng.SuiteRunner.runSequentially(SuiteRunner.java:396)
at org.testng.SuiteRunner.privateRun(SuiteRunner.java:355)
at org.testng.SuiteRunner.run(SuiteRunner.java:304)
at org.testng.SuiteRunnerWorker.runSuite(SuiteRunnerWorker.java:53)
at org.testng.SuiteRunnerWorker.run(SuiteRunnerWorker.java:96)
at org.testng.TestNG.runSuitesSequentially(TestNG.java:1180)
at org.testng.TestNG.runSuitesLocally(TestNG.java:1102)
at org.testng.TestNG.runSuites(TestNG.java:1032)
at org.testng.TestNG.run(TestNG.java:1000)
at runner.TestNGRunner.run(TestNGRunner.java:82)
at runner.JSONRunner.main(JSONRunner.java:119)
at org.codehaus.mojo.exec.ExecJavaMojo$1.run(ExecJavaMojo.java:254)
at java.lang.Thread.run(Thread.java:748)
Caused by: java.util.concurrent.ExecutionException: org.openqa.selenium.WebDriverException: java.lang.InterruptedException: Process timed out after waiting for 20000 ms.
Build info: version: '4.0.0-alpha-7', revision: 'de8579b6d5'
System info: host: 'DESKTOP-B0PUHGH', ip: '192.168.1.15', os.name: 'Windows 10', os.arch: 'amd64', os.version: '10.0', java.version: '1.8.0_201'
Driver info: driver.version: unknown
at java.util.concurrent.CompletableFuture.reportGet(CompletableFuture.java:357)
at java.util.concurrent.CompletableFuture.get(CompletableFuture.java:1915)
at org.openqa.selenium.remote.service.DriverService.start(DriverService.java:204)
... 35 more
Caused by: org.openqa.selenium.WebDriverException: java.lang.InterruptedException: Process timed out after waiting for 20000 ms.
Build info: version: '4.0.0-alpha-7', revision: 'de8579b6d5'
System info: host: 'DESKTOP-B0PUHGH', ip: '192.168.1.15', os.name: 'Windows 10', os.arch: 'amd64', os.version: '10.0', java.version: '1.8.0_201'
Driver info: driver.version: unknown
at org.openqa.selenium.os.CommandLine.waitFor(CommandLine.java:130)
at org.openqa.selenium.remote.service.DriverService.lambda$start$1(DriverService.java:198)
at java.util.concurrent.CompletableFuture$AsyncSupply.run(CompletableFuture.java:1590)
at java.util.concurrent.CompletableFuture$AsyncSupply.exec(CompletableFuture.java:1582)
at java.util.concurrent.ForkJoinTask.doExec(ForkJoinTask.java:289)
at java.util.concurrent.ForkJoinPool$WorkQueue.runTask(ForkJoinPool.java:1056)
at java.util.concurrent.ForkJoinPool.runWorker(ForkJoinPool.java:1692)
at java.util.concurrent.ForkJoinWorkerThread.run(ForkJoinWorkerThread.java:157)
Caused by: java.lang.InterruptedException: Process timed out after waiting for 20000 ms.
at org.openqa.selenium.os.OsProcess.waitFor(OsProcess.java:174)
at org.openqa.selenium.os.CommandLine.waitFor(CommandLine.java:127)
... 7 more
]]>
            </full-stacktrace>
          </exception> <!-- org.openqa.selenium.WebDriverException -->
          <reporter-output>
          </reporter-output>
        </test-method> <!-- beforeTest -->
        <test-method status="PASS" signature="beforeMethod(org.testng.ITestContext)[pri:0, instance:testcases.rediff.PortfolioManagement@b6e64d2]" name="beforeMethod" is-config="true" duration-ms="4" started-at="2021-03-10T06:40:04 MST" finished-at="2021-03-10T06:40:04 MST">
          <params>
            <param index="0">
              <value>
                <![CDATA[org.testng.TestRunner@dc7bf5d]]>
              </value>
            </param>
          </params>
          <reporter-output>
          </reporter-output>
        </test-method> <!-- beforeMethod -->
        <test-method status="SKIP" signature="createPortfolio(org.testng.ITestContext)[pri:0, instance:testcases.rediff.PortfolioManagement@b6e64d2]" name="createPortfolio" duration-ms="0" started-at="2021-03-10T06:40:04 MST" finished-at="2021-03-10T06:40:04 MST">
          <exception class="org.openqa.selenium.WebDriverException">
            <message>
              <![CDATA[Timed out waiting for driver server to start.
Build info: version: '4.0.0-alpha-7', revision: 'de8579b6d5'
System info: host: 'DESKTOP-B0PUHGH', ip: '192.168.1.15', os.name: 'Windows 10', os.arch: 'amd64', os.version: '10.0', java.version: '1.8.0_201'
Driver info: driver.version: ChromeDriver]]>
            </message>
            <full-stacktrace>
              <![CDATA[org.openqa.selenium.WebDriverException: Timed out waiting for driver server to start.
Build info: version: '4.0.0-alpha-7', revision: 'de8579b6d5'
System info: host: 'DESKTOP-B0PUHGH', ip: '192.168.1.15', os.name: 'Windows 10', os.arch: 'amd64', os.version: '10.0', java.version: '1.8.0_201'
Driver info: driver.version: ChromeDriver
at org.openqa.selenium.remote.service.DriverService.start(DriverService.java:210)
at org.openqa.selenium.remote.service.DriverCommandExecutor.execute(DriverCommandExecutor.java:83)
at org.openqa.selenium.remote.RemoteWebDriver.execute(RemoteWebDriver.java:501)
at org.openqa.selenium.remote.RemoteWebDriver.startSession(RemoteWebDriver.java:207)
at org.openqa.selenium.remote.RemoteWebDriver.<init>(RemoteWebDriver.java:127)
at org.openqa.selenium.chromium.ChromiumDriver.<init>(ChromiumDriver.java:93)
at org.openqa.selenium.chrome.ChromeDriver.<init>(ChromeDriver.java:163)
at org.openqa.selenium.chrome.ChromeDriver.<init>(ChromeDriver.java:150)
at org.openqa.selenium.chrome.ChromeDriver.<init>(ChromeDriver.java:105)
at keywords.GenericKeywords.openBrowser(GenericKeywords.java:41)
at testbase.BaseTest.beforeTest(BaseTest.java:65)
at sun.reflect.NativeMethodAccessorImpl.invoke0(Native Method)
at sun.reflect.NativeMethodAccessorImpl.invoke(NativeMethodAccessorImpl.java:62)
at sun.reflect.DelegatingMethodAccessorImpl.invoke(DelegatingMethodAccessorImpl.java:43)
at java.lang.reflect.Method.invoke(Method.java:498)
at org.testng.internal.MethodInvocationHelper.invokeMethod(MethodInvocationHelper.java:133)
at org.testng.internal.MethodInvocationHelper.invokeMethodConsideringTimeout(MethodInvocationHelper.java:62)
at org.testng.internal.ConfigInvoker.invokeConfigurationMethod(ConfigInvoker.java:340)
at org.testng.internal.ConfigInvoker.invokeConfigurations(ConfigInvoker.java:294)
at org.testng.TestRunner.invokeTestConfigurations(TestRunner.java:623)
at org.testng.TestRunner.beforeRun(TestRunner.java:613)
at org.testng.TestRunner.run(TestRunner.java:584)
at org.testng.SuiteRunner.runTest(SuiteRunner.java:402)
at org.testng.SuiteRunner.runSequentially(SuiteRunner.java:396)
at org.testng.SuiteRunner.privateRun(SuiteRunner.java:355)
at org.testng.SuiteRunner.run(SuiteRunner.java:304)
at org.testng.SuiteRunnerWorker.runSuite(SuiteRunnerWorker.java:53)
at org.testng.SuiteRunnerWorker.run(SuiteRunnerWorker.java:96)
at org.testng.TestNG.runSuitesSequentially(TestNG.java:1180)
at org.testng.TestNG.runSuitesLocally(TestNG.java:1102)
at org.testng.TestNG.runSuites(TestNG.java:1032)
at org.testng.TestNG.run(TestNG.java:1000)
at runner.TestNGRunner.run(TestNGRunner.java:82)
at runner.JSONRunner.main(JSONRunner.java:119)
at org.codehaus.mojo.exec.ExecJavaMojo$1.run(ExecJavaMojo.java:254)
at java.lang.Thread.run(Thread.java:748)
Caused by: java.util.concurrent.ExecutionException: org.openqa.selenium.WebDriverException: java.lang.InterruptedException: Process timed out after waiting for 20000 ms.
Build info: version: '4.0.0-alpha-7', revision: 'de8579b6d5'
System info: host: 'DESKTOP-B0PUHGH', ip: '192.168.1.15', os.name: 'Windows 10', os.arch: 'amd64', os.version: '10.0', java.version: '1.8.0_201'
Driver info: driver.version: unknown
at java.util.concurrent.CompletableFuture.reportGet(CompletableFuture.java:357)
at java.util.concurrent.CompletableFuture.get(CompletableFuture.java:1915)
at org.openqa.selenium.remote.service.DriverService.start(DriverService.java:204)
... 35 more
Caused by: org.openqa.selenium.WebDriverException: java.lang.InterruptedException: Process timed out after waiting for 20000 ms.
Build info: version: '4.0.0-alpha-7', revision: 'de8579b6d5'
System info: host: 'DESKTOP-B0PUHGH', ip: '192.168.1.15', os.name: 'Windows 10', os.arch: 'amd64', os.version: '10.0', java.version: '1.8.0_201'
Driver info: driver.version: unknown
at org.openqa.selenium.os.CommandLine.waitFor(CommandLine.java:130)
at org.openqa.selenium.remote.service.DriverService.lambda$start$1(DriverService.java:198)
at java.util.concurrent.CompletableFuture$AsyncSupply.run(CompletableFuture.java:1590)
at java.util.concurrent.CompletableFuture$AsyncSupply.exec(CompletableFuture.java:1582)
at java.util.concurrent.ForkJoinTask.doExec(ForkJoinTask.java:289)
at java.util.concurrent.ForkJoinPool$WorkQueue.runTask(ForkJoinPool.java:1056)
at java.util.concurrent.ForkJoinPool.runWorker(ForkJoinPool.java:1692)
at java.util.concurrent.ForkJoinWorkerThread.run(ForkJoinWorkerThread.java:157)
Caused by: java.lang.InterruptedException: Process timed out after waiting for 20000 ms.
at org.openqa.selenium.os.OsProcess.waitFor(OsProcess.java:174)
at org.openqa.selenium.os.CommandLine.waitFor(CommandLine.java:127)
... 7 more
]]>
            </full-stacktrace>
          </exception> <!-- org.openqa.selenium.WebDriverException -->
          <reporter-output>
          </reporter-output>
        </test-method> <!-- createPortfolio -->
        <test-method status="PASS" signature="quit(org.testng.ITestContext)[pri:0, instance:testcases.rediff.PortfolioManagement@b6e64d2]" name="quit" is-config="true" duration-ms="43" started-at="2021-03-10T06:40:04 MST" finished-at="2021-03-10T06:40:04 MST">
          <params>
            <param index="0">
              <value>
                <![CDATA[org.testng.TestRunner@dc7bf5d]]>
              </value>
            </param>
          </params>
          <reporter-output>
          </reporter-output>
        </test-method> <!-- quit -->
      </class> <!-- testcases.rediff.PortfolioManagement -->
    </test> <!-- Create Portfolio-Create New Portfolio-pos-IT.-1 -->
    <test name="Create Portfolio-Create New Portfolio-pos-IT.-2" duration-ms="39" started-at="2021-03-10T06:40:04 MST" finished-at="2021-03-10T06:40:04 MST">
      <class name="testcases.rediff.PortfolioManagement">
        <test-method status="SKIP" signature="beforeTest(org.testng.ITestContext)[pri:0, instance:testcases.rediff.PortfolioManagement@77368e48]" name="beforeTest" is-config="true" duration-ms="17" started-at="2021-03-10T06:40:04 MST" finished-at="2021-03-10T06:40:04 MST">
          <params>
            <param index="0">
              <value>
                <![CDATA[org.testng.TestRunner@487c891]]>
              </value>
            </param>
          </params>
          <exception class="org.testng.SkipException">
            <message>
              <![CDATA[Skipping as runmode is N]]>
            </message>
            <full-stacktrace>
              <![CDATA[org.testng.SkipException: Skipping as runmode is N
at testbase.BaseTest.beforeTest(BaseTest.java:59)
at sun.reflect.NativeMethodAccessorImpl.invoke0(Native Method)
at sun.reflect.NativeMethodAccessorImpl.invoke(NativeMethodAccessorImpl.java:62)
at sun.reflect.DelegatingMethodAccessorImpl.invoke(DelegatingMethodAccessorImpl.java:43)
at java.lang.reflect.Method.invoke(Method.java:498)
at org.testng.internal.MethodInvocationHelper.invokeMethod(MethodInvocationHelper.java:133)
at org.testng.internal.MethodInvocationHelper.invokeMethodConsideringTimeout(MethodInvocationHelper.java:62)
at org.testng.internal.ConfigInvoker.invokeConfigurationMethod(ConfigInvoker.java:340)
at org.testng.internal.ConfigInvoker.invokeConfigurations(ConfigInvoker.java:294)
at org.testng.TestRunner.invokeTestConfigurations(TestRunner.java:623)
at org.testng.TestRunner.beforeRun(TestRunner.java:613)
at org.testng.TestRunner.run(TestRunner.java:584)
at org.testng.SuiteRunner.runTest(SuiteRunner.java:402)
at org.testng.SuiteRunner.runSequentially(SuiteRunner.java:396)
at org.testng.SuiteRunner.privateRun(SuiteRunner.java:355)
at org.testng.SuiteRunner.run(SuiteRunner.java:304)
at org.testng.SuiteRunnerWorker.runSuite(SuiteRunnerWorker.java:53)
at org.testng.SuiteRunnerWorker.run(SuiteRunnerWorker.java:96)
at org.testng.TestNG.runSuitesSequentially(TestNG.java:1180)
at org.testng.TestNG.runSuitesLocally(TestNG.java:1102)
at org.testng.TestNG.runSuites(TestNG.java:1032)
at org.testng.TestNG.run(TestNG.java:1000)
at runner.TestNGRunner.run(TestNGRunner.java:82)
at runner.JSONRunner.main(JSONRunner.java:119)
at org.codehaus.mojo.exec.ExecJavaMojo$1.run(ExecJavaMojo.java:254)
at java.lang.Thread.run(Thread.java:748)
]]>
            </full-stacktrace>
          </exception> <!-- org.testng.SkipException -->
          <reporter-output>
          </reporter-output>
        </test-method> <!-- beforeTest -->
        <test-method status="PASS" signature="beforeMethod(org.testng.ITestContext)[pri:0, instance:testcases.rediff.PortfolioManagement@77368e48]" name="beforeMethod" is-config="true" duration-ms="5" started-at="2021-03-10T06:40:04 MST" finished-at="2021-03-10T06:40:04 MST">
          <params>
            <param index="0">
              <value>
                <![CDATA[org.testng.TestRunner@487c891]]>
              </value>
            </param>
          </params>
          <reporter-output>
          </reporter-output>
        </test-method> <!-- beforeMethod -->
        <test-method status="SKIP" signature="createPortfolio(org.testng.ITestContext)[pri:0, instance:testcases.rediff.PortfolioManagement@77368e48]" name="createPortfolio" duration-ms="0" started-at="2021-03-10T06:40:04 MST" finished-at="2021-03-10T06:40:04 MST">
          <exception class="org.testng.SkipException">
            <message>
              <![CDATA[Skipping as runmode is N]]>
            </message>
            <full-stacktrace>
              <![CDATA[org.testng.SkipException: Skipping as runmode is N
at testbase.BaseTest.beforeTest(BaseTest.java:59)
at sun.reflect.NativeMethodAccessorImpl.invoke0(Native Method)
at sun.reflect.NativeMethodAccessorImpl.invoke(NativeMethodAccessorImpl.java:62)
at sun.reflect.DelegatingMethodAccessorImpl.invoke(DelegatingMethodAccessorImpl.java:43)
at java.lang.reflect.Method.invoke(Method.java:498)
at org.testng.internal.MethodInvocationHelper.invokeMethod(MethodInvocationHelper.java:133)
at org.testng.internal.MethodInvocationHelper.invokeMethodConsideringTimeout(MethodInvocationHelper.java:62)
at org.testng.internal.ConfigInvoker.invokeConfigurationMethod(ConfigInvoker.java:340)
at org.testng.internal.ConfigInvoker.invokeConfigurations(ConfigInvoker.java:294)
at org.testng.TestRunner.invokeTestConfigurations(TestRunner.java:623)
at org.testng.TestRunner.beforeRun(TestRunner.java:613)
at org.testng.TestRunner.run(TestRunner.java:584)
at org.testng.SuiteRunner.runTest(SuiteRunner.java:402)
at org.testng.SuiteRunner.runSequentially(SuiteRunner.java:396)
at org.testng.SuiteRunner.privateRun(SuiteRunner.java:355)
at org.testng.SuiteRunner.run(SuiteRunner.java:304)
at org.testng.SuiteRunnerWorker.runSuite(SuiteRunnerWorker.java:53)
at org.testng.SuiteRunnerWorker.run(SuiteRunnerWorker.java:96)
at org.testng.TestNG.runSuitesSequentially(TestNG.java:1180)
at org.testng.TestNG.runSuitesLocally(TestNG.java:1102)
at org.testng.TestNG.runSuites(TestNG.java:1032)
at org.testng.TestNG.run(TestNG.java:1000)
at runner.TestNGRunner.run(TestNGRunner.java:82)
at runner.JSONRunner.main(JSONRunner.java:119)
at org.codehaus.mojo.exec.ExecJavaMojo$1.run(ExecJavaMojo.java:254)
at java.lang.Thread.run(Thread.java:748)
]]>
            </full-stacktrace>
          </exception> <!-- org.testng.SkipException -->
          <reporter-output>
          </reporter-output>
        </test-method> <!-- createPortfolio -->
        <test-method status="PASS" signature="quit(org.testng.ITestContext)[pri:0, instance:testcases.rediff.PortfolioManagement@77368e48]" name="quit" is-config="true" duration-ms="12" started-at="2021-03-10T06:40:04 MST" finished-at="2021-03-10T06:40:04 MST">
          <params>
            <param index="0">
              <value>
                <![CDATA[org.testng.TestRunner@487c891]]>
              </value>
            </param>
          </params>
          <reporter-output>
          </reporter-output>
        </test-method> <!-- quit -->
      </class> <!-- testcases.rediff.PortfolioManagement -->
    </test> <!-- Create Portfolio-Create New Portfolio-pos-IT.-2 -->
  </suite> <!-- Portfolio Suite (0) -->
  <suite name="Portfolio Suite" duration-ms="73695" started-at="2021-03-10T06:38:29 MST" finished-at="2021-03-10T06:39:43 MST">
    <groups>
    </groups>
    <test name="Create Portfolio-Create New Portfolio-pos-IT.-1" duration-ms="72769" started-at="2021-03-10T06:38:29 MST" finished-at="2021-03-10T06:39:42 MST">
      <class name="testcases.rediff.PortfolioManagement">
        <test-method status="FAIL" signature="beforeTest(org.testng.ITestContext)[pri:0, instance:testcases.rediff.PortfolioManagement@42074c68]" name="beforeTest" is-config="true" duration-ms="66718" started-at="2021-03-10T06:38:29 MST" finished-at="2021-03-10T06:39:36 MST">
          <params>
            <param index="0">
              <value>
                <![CDATA[org.testng.TestRunner@2aa2811e]]>
              </value>
            </param>
          </params>
          <exception class="org.openqa.selenium.remote.UnreachableBrowserException">
            <message>
              <![CDATA[Could not start a new session. Possible causes are invalid address of the remote server or browser start-up failure.
Build info: version: '4.0.0-alpha-7', revision: 'de8579b6d5'
System info: host: 'DESKTOP-B0PUHGH', ip: '192.168.1.15', os.name: 'Windows 10', os.arch: 'amd64', os.version: '10.0', java.version: '1.8.0_201'
Driver info: driver.version: FirefoxDriver]]>
            </message>
            <full-stacktrace>
              <![CDATA[org.openqa.selenium.remote.UnreachableBrowserException: Could not start a new session. Possible causes are invalid address of the remote server or browser start-up failure.
Build info: version: '4.0.0-alpha-7', revision: 'de8579b6d5'
System info: host: 'DESKTOP-B0PUHGH', ip: '192.168.1.15', os.name: 'Windows 10', os.arch: 'amd64', os.version: '10.0', java.version: '1.8.0_201'
Driver info: driver.version: FirefoxDriver
at org.openqa.selenium.remote.RemoteWebDriver.execute(RemoteWebDriver.java:522)
at org.openqa.selenium.remote.RemoteWebDriver.startSession(RemoteWebDriver.java:207)
at org.openqa.selenium.remote.RemoteWebDriver.<init>(RemoteWebDriver.java:127)
at org.openqa.selenium.firefox.FirefoxDriver.<init>(FirefoxDriver.java:189)
at org.openqa.selenium.firefox.FirefoxDriver.<init>(FirefoxDriver.java:177)
at org.openqa.selenium.firefox.FirefoxDriver.<init>(FirefoxDriver.java:155)
at keywords.GenericKeywords.openBrowser(GenericKeywords.java:44)
at testbase.BaseTest.beforeTest(BaseTest.java:65)
at sun.reflect.NativeMethodAccessorImpl.invoke0(Native Method)
at sun.reflect.NativeMethodAccessorImpl.invoke(NativeMethodAccessorImpl.java:62)
at sun.reflect.DelegatingMethodAccessorImpl.invoke(DelegatingMethodAccessorImpl.java:43)
at java.lang.reflect.Method.invoke(Method.java:498)
at org.testng.internal.MethodInvocationHelper.invokeMethod(MethodInvocationHelper.java:133)
at org.testng.internal.MethodInvocationHelper.invokeMethodConsideringTimeout(MethodInvocationHelper.java:62)
at org.testng.internal.ConfigInvoker.invokeConfigurationMethod(ConfigInvoker.java:340)
at org.testng.internal.ConfigInvoker.invokeConfigurations(ConfigInvoker.java:294)
at org.testng.TestRunner.invokeTestConfigurations(TestRunner.java:623)
at org.testng.TestRunner.beforeRun(TestRunner.java:613)
at org.testng.TestRunner.run(TestRunner.java:584)
at org.testng.SuiteRunner.runTest(SuiteRunner.java:402)
at org.testng.SuiteRunner.runSequentially(SuiteRunner.java:396)
at org.testng.SuiteRunner.privateRun(SuiteRunner.java:355)
at org.testng.SuiteRunner.run(SuiteRunner.java:304)
at org.testng.SuiteRunnerWorker.runSuite(SuiteRunnerWorker.java:53)
at org.testng.SuiteRunnerWorker.run(SuiteRunnerWorker.java:96)
at org.testng.TestNG.runSuitesSequentially(TestNG.java:1180)
at org.testng.TestNG.runSuitesLocally(TestNG.java:1102)
at org.testng.TestNG.runSuites(TestNG.java:1032)
at org.testng.TestNG.run(TestNG.java:1000)
at runner.TestNGRunner.run(TestNGRunner.java:82)
at runner.JSONRunner.main(JSONRunner.java:119)
at org.codehaus.mojo.exec.ExecJavaMojo$1.run(ExecJavaMojo.java:254)
at java.lang.Thread.run(Thread.java:748)
Caused by: java.lang.RuntimeException: NettyHttpHandler request execution error
at org.openqa.selenium.remote.http.netty.NettyHttpHandler.makeCall(NettyHttpHandler.java:72)
at org.openqa.selenium.remote.http.AddSeleniumUserAgent.lambda$apply$0(AddSeleniumUserAgent.java:42)
at org.openqa.selenium.remote.http.Filter.lambda$andFinally$1(Filter.java:56)
at org.openqa.selenium.remote.http.netty.NettyHttpHandler.execute(NettyHttpHandler.java:47)
at org.openqa.selenium.remote.http.AddSeleniumUserAgent.lambda$apply$0(AddSeleniumUserAgent.java:42)
at org.openqa.selenium.remote.http.Filter.lambda$andFinally$1(Filter.java:56)
at org.openqa.selenium.remote.http.netty.NettyClient.execute(NettyClient.java:60)
at org.openqa.selenium.remote.ProtocolHandshake.createSession(ProtocolHandshake.java:105)
at org.openqa.selenium.remote.ProtocolHandshake.createSession(ProtocolHandshake.java:75)
at org.openqa.selenium.remote.HttpCommandExecutor.execute(HttpCommandExecutor.java:139)
at org.openqa.selenium.remote.service.DriverCommandExecutor.execute(DriverCommandExecutor.java:123)
at org.openqa.selenium.remote.RemoteWebDriver.execute(RemoteWebDriver.java:501)
... 32 more
Caused by: java.util.concurrent.ExecutionException: java.util.concurrent.TimeoutException: Request timeout to localhost/127.0.0.1:18259 after 60000 ms
at java.util.concurrent.CompletableFuture.reportGet(CompletableFuture.java:357)
at java.util.concurrent.CompletableFuture.get(CompletableFuture.java:1895)
at org.asynchttpclient.netty.NettyResponseFuture.get(NettyResponseFuture.java:201)
at org.openqa.selenium.remote.http.netty.NettyHttpHandler.makeCall(NettyHttpHandler.java:57)
... 43 more
Caused by: java.util.concurrent.TimeoutException: Request timeout to localhost/127.0.0.1:18259 after 60000 ms
at org.asynchttpclient.netty.timeout.TimeoutTimerTask.expire(TimeoutTimerTask.java:43)
at org.asynchttpclient.netty.timeout.RequestTimeoutTimerTask.run(RequestTimeoutTimerTask.java:50)
at io.netty.util.HashedWheelTimer$HashedWheelTimeout.expire(HashedWheelTimer.java:672)
at io.netty.util.HashedWheelTimer$HashedWheelBucket.expireTimeouts(HashedWheelTimer.java:747)
at io.netty.util.HashedWheelTimer$Worker.run(HashedWheelTimer.java:472)
at io.netty.util.concurrent.FastThreadLocalRunnable.run(FastThreadLocalRunnable.java:30)
... 1 more
]]>
            </full-stacktrace>
          </exception> <!-- org.openqa.selenium.remote.UnreachableBrowserException -->
          <reporter-output>
          </reporter-output>
        </test-method> <!-- beforeTest -->
        <test-method status="PASS" signature="beforeMethod(org.testng.ITestContext)[pri:0, instance:testcases.rediff.PortfolioManagement@42074c68]" name="beforeMethod" is-config="true" duration-ms="45" started-at="2021-03-10T06:39:36 MST" finished-at="2021-03-10T06:39:36 MST">
          <params>
            <param index="0">
              <value>
                <![CDATA[org.testng.TestRunner@2aa2811e]]>
              </value>
            </param>
          </params>
          <reporter-output>
          </reporter-output>
        </test-method> <!-- beforeMethod -->
        <test-method status="SKIP" signature="createPortfolio(org.testng.ITestContext)[pri:0, instance:testcases.rediff.PortfolioManagement@42074c68]" name="createPortfolio" duration-ms="0" started-at="2021-03-10T06:39:36 MST" finished-at="2021-03-10T06:39:36 MST">
          <exception class="org.openqa.selenium.remote.UnreachableBrowserException">
            <message>
              <![CDATA[Could not start a new session. Possible causes are invalid address of the remote server or browser start-up failure.
Build info: version: '4.0.0-alpha-7', revision: 'de8579b6d5'
System info: host: 'DESKTOP-B0PUHGH', ip: '192.168.1.15', os.name: 'Windows 10', os.arch: 'amd64', os.version: '10.0', java.version: '1.8.0_201'
Driver info: driver.version: FirefoxDriver]]>
            </message>
            <full-stacktrace>
              <![CDATA[org.openqa.selenium.remote.UnreachableBrowserException: Could not start a new session. Possible causes are invalid address of the remote server or browser start-up failure.
Build info: version: '4.0.0-alpha-7', revision: 'de8579b6d5'
System info: host: 'DESKTOP-B0PUHGH', ip: '192.168.1.15', os.name: 'Windows 10', os.arch: 'amd64', os.version: '10.0', java.version: '1.8.0_201'
Driver info: driver.version: FirefoxDriver
at org.openqa.selenium.remote.RemoteWebDriver.execute(RemoteWebDriver.java:522)
at org.openqa.selenium.remote.RemoteWebDriver.startSession(RemoteWebDriver.java:207)
at org.openqa.selenium.remote.RemoteWebDriver.<init>(RemoteWebDriver.java:127)
at org.openqa.selenium.firefox.FirefoxDriver.<init>(FirefoxDriver.java:189)
at org.openqa.selenium.firefox.FirefoxDriver.<init>(FirefoxDriver.java:177)
at org.openqa.selenium.firefox.FirefoxDriver.<init>(FirefoxDriver.java:155)
at keywords.GenericKeywords.openBrowser(GenericKeywords.java:44)
at testbase.BaseTest.beforeTest(BaseTest.java:65)
at sun.reflect.NativeMethodAccessorImpl.invoke0(Native Method)
at sun.reflect.NativeMethodAccessorImpl.invoke(NativeMethodAccessorImpl.java:62)
at sun.reflect.DelegatingMethodAccessorImpl.invoke(DelegatingMethodAccessorImpl.java:43)
at java.lang.reflect.Method.invoke(Method.java:498)
at org.testng.internal.MethodInvocationHelper.invokeMethod(MethodInvocationHelper.java:133)
at org.testng.internal.MethodInvocationHelper.invokeMethodConsideringTimeout(MethodInvocationHelper.java:62)
at org.testng.internal.ConfigInvoker.invokeConfigurationMethod(ConfigInvoker.java:340)
at org.testng.internal.ConfigInvoker.invokeConfigurations(ConfigInvoker.java:294)
at org.testng.TestRunner.invokeTestConfigurations(TestRunner.java:623)
at org.testng.TestRunner.beforeRun(TestRunner.java:613)
at org.testng.TestRunner.run(TestRunner.java:584)
at org.testng.SuiteRunner.runTest(SuiteRunner.java:402)
at org.testng.SuiteRunner.runSequentially(SuiteRunner.java:396)
at org.testng.SuiteRunner.privateRun(SuiteRunner.java:355)
at org.testng.SuiteRunner.run(SuiteRunner.java:304)
at org.testng.SuiteRunnerWorker.runSuite(SuiteRunnerWorker.java:53)
at org.testng.SuiteRunnerWorker.run(SuiteRunnerWorker.java:96)
at org.testng.TestNG.runSuitesSequentially(TestNG.java:1180)
at org.testng.TestNG.runSuitesLocally(TestNG.java:1102)
at org.testng.TestNG.runSuites(TestNG.java:1032)
at org.testng.TestNG.run(TestNG.java:1000)
at runner.TestNGRunner.run(TestNGRunner.java:82)
at runner.JSONRunner.main(JSONRunner.java:119)
at org.codehaus.mojo.exec.ExecJavaMojo$1.run(ExecJavaMojo.java:254)
at java.lang.Thread.run(Thread.java:748)
Caused by: java.lang.RuntimeException: NettyHttpHandler request execution error
at org.openqa.selenium.remote.http.netty.NettyHttpHandler.makeCall(NettyHttpHandler.java:72)
at org.openqa.selenium.remote.http.AddSeleniumUserAgent.lambda$apply$0(AddSeleniumUserAgent.java:42)
at org.openqa.selenium.remote.http.Filter.lambda$andFinally$1(Filter.java:56)
at org.openqa.selenium.remote.http.netty.NettyHttpHandler.execute(NettyHttpHandler.java:47)
at org.openqa.selenium.remote.http.AddSeleniumUserAgent.lambda$apply$0(AddSeleniumUserAgent.java:42)
at org.openqa.selenium.remote.http.Filter.lambda$andFinally$1(Filter.java:56)
at org.openqa.selenium.remote.http.netty.NettyClient.execute(NettyClient.java:60)
at org.openqa.selenium.remote.ProtocolHandshake.createSession(ProtocolHandshake.java:105)
at org.openqa.selenium.remote.ProtocolHandshake.createSession(ProtocolHandshake.java:75)
at org.openqa.selenium.remote.HttpCommandExecutor.execute(HttpCommandExecutor.java:139)
at org.openqa.selenium.remote.service.DriverCommandExecutor.execute(DriverCommandExecutor.java:123)
at org.openqa.selenium.remote.RemoteWebDriver.execute(RemoteWebDriver.java:501)
... 32 more
Caused by: java.util.concurrent.ExecutionException: java.util.concurrent.TimeoutException: Request timeout to localhost/127.0.0.1:18259 after 60000 ms
at java.util.concurrent.CompletableFuture.reportGet(CompletableFuture.java:357)
at java.util.concurrent.CompletableFuture.get(CompletableFuture.java:1895)
at org.asynchttpclient.netty.NettyResponseFuture.get(NettyResponseFuture.java:201)
at org.openqa.selenium.remote.http.netty.NettyHttpHandler.makeCall(NettyHttpHandler.java:57)
... 43 more
Caused by: java.util.concurrent.TimeoutException: Request timeout to localhost/127.0.0.1:18259 after 60000 ms
at org.asynchttpclient.netty.timeout.TimeoutTimerTask.expire(TimeoutTimerTask.java:43)
at org.asynchttpclient.netty.timeout.RequestTimeoutTimerTask.run(RequestTimeoutTimerTask.java:50)
at io.netty.util.HashedWheelTimer$HashedWheelTimeout.expire(HashedWheelTimer.java:672)
at io.netty.util.HashedWheelTimer$HashedWheelBucket.expireTimeouts(HashedWheelTimer.java:747)
at io.netty.util.HashedWheelTimer$Worker.run(HashedWheelTimer.java:472)
at io.netty.util.concurrent.FastThreadLocalRunnable.run(FastThreadLocalRunnable.java:30)
... 1 more
]]>
            </full-stacktrace>
          </exception> <!-- org.openqa.selenium.remote.UnreachableBrowserException -->
          <reporter-output>
          </reporter-output>
        </test-method> <!-- createPortfolio -->
        <test-method status="PASS" signature="quit(org.testng.ITestContext)[pri:0, instance:testcases.rediff.PortfolioManagement@42074c68]" name="quit" is-config="true" duration-ms="5796" started-at="2021-03-10T06:39:36 MST" finished-at="2021-03-10T06:39:42 MST">
          <params>
            <param index="0">
              <value>
                <![CDATA[org.testng.TestRunner@2aa2811e]]>
              </value>
            </param>
          </params>
          <reporter-output>
          </reporter-output>
        </test-method> <!-- quit -->
      </class> <!-- testcases.rediff.PortfolioManagement -->
    </test> <!-- Create Portfolio-Create New Portfolio-pos-IT.-1 -->
    <test name="Create Portfolio-Create New Portfolio-pos-IT.-2" duration-ms="137" started-at="2021-03-10T06:39:43 MST" finished-at="2021-03-10T06:39:43 MST">
      <class name="testcases.rediff.PortfolioManagement">
        <test-method status="SKIP" signature="beforeTest(org.testng.ITestContext)[pri:0, instance:testcases.rediff.PortfolioManagement@2059de89]" name="beforeTest" is-config="true" duration-ms="93" started-at="2021-03-10T06:39:43 MST" finished-at="2021-03-10T06:39:43 MST">
          <params>
            <param index="0">
              <value>
                <![CDATA[org.testng.TestRunner@566be44d]]>
              </value>
            </param>
          </params>
          <exception class="org.testng.SkipException">
            <message>
              <![CDATA[Skipping as runmode is N]]>
            </message>
            <full-stacktrace>
              <![CDATA[org.testng.SkipException: Skipping as runmode is N
at testbase.BaseTest.beforeTest(BaseTest.java:59)
at sun.reflect.NativeMethodAccessorImpl.invoke0(Native Method)
at sun.reflect.NativeMethodAccessorImpl.invoke(NativeMethodAccessorImpl.java:62)
at sun.reflect.DelegatingMethodAccessorImpl.invoke(DelegatingMethodAccessorImpl.java:43)
at java.lang.reflect.Method.invoke(Method.java:498)
at org.testng.internal.MethodInvocationHelper.invokeMethod(MethodInvocationHelper.java:133)
at org.testng.internal.MethodInvocationHelper.invokeMethodConsideringTimeout(MethodInvocationHelper.java:62)
at org.testng.internal.ConfigInvoker.invokeConfigurationMethod(ConfigInvoker.java:340)
at org.testng.internal.ConfigInvoker.invokeConfigurations(ConfigInvoker.java:294)
at org.testng.TestRunner.invokeTestConfigurations(TestRunner.java:623)
at org.testng.TestRunner.beforeRun(TestRunner.java:613)
at org.testng.TestRunner.run(TestRunner.java:584)
at org.testng.SuiteRunner.runTest(SuiteRunner.java:402)
at org.testng.SuiteRunner.runSequentially(SuiteRunner.java:396)
at org.testng.SuiteRunner.privateRun(SuiteRunner.java:355)
at org.testng.SuiteRunner.run(SuiteRunner.java:304)
at org.testng.SuiteRunnerWorker.runSuite(SuiteRunnerWorker.java:53)
at org.testng.SuiteRunnerWorker.run(SuiteRunnerWorker.java:96)
at org.testng.TestNG.runSuitesSequentially(TestNG.java:1180)
at org.testng.TestNG.runSuitesLocally(TestNG.java:1102)
at org.testng.TestNG.runSuites(TestNG.java:1032)
at org.testng.TestNG.run(TestNG.java:1000)
at runner.TestNGRunner.run(TestNGRunner.java:82)
at runner.JSONRunner.main(JSONRunner.java:119)
at org.codehaus.mojo.exec.ExecJavaMojo$1.run(ExecJavaMojo.java:254)
at java.lang.Thread.run(Thread.java:748)
]]>
            </full-stacktrace>
          </exception> <!-- org.testng.SkipException -->
          <reporter-output>
          </reporter-output>
        </test-method> <!-- beforeTest -->
        <test-method status="PASS" signature="beforeMethod(org.testng.ITestContext)[pri:0, instance:testcases.rediff.PortfolioManagement@2059de89]" name="beforeMethod" is-config="true" duration-ms="8" started-at="2021-03-10T06:39:43 MST" finished-at="2021-03-10T06:39:43 MST">
          <params>
            <param index="0">
              <value>
                <![CDATA[org.testng.TestRunner@566be44d]]>
              </value>
            </param>
          </params>
          <reporter-output>
          </reporter-output>
        </test-method> <!-- beforeMethod -->
        <test-method status="SKIP" signature="createPortfolio(org.testng.ITestContext)[pri:0, instance:testcases.rediff.PortfolioManagement@2059de89]" name="createPortfolio" duration-ms="0" started-at="2021-03-10T06:39:43 MST" finished-at="2021-03-10T06:39:43 MST">
          <exception class="org.testng.SkipException">
            <message>
              <![CDATA[Skipping as runmode is N]]>
            </message>
            <full-stacktrace>
              <![CDATA[org.testng.SkipException: Skipping as runmode is N
at testbase.BaseTest.beforeTest(BaseTest.java:59)
at sun.reflect.NativeMethodAccessorImpl.invoke0(Native Method)
at sun.reflect.NativeMethodAccessorImpl.invoke(NativeMethodAccessorImpl.java:62)
at sun.reflect.DelegatingMethodAccessorImpl.invoke(DelegatingMethodAccessorImpl.java:43)
at java.lang.reflect.Method.invoke(Method.java:498)
at org.testng.internal.MethodInvocationHelper.invokeMethod(MethodInvocationHelper.java:133)
at org.testng.internal.MethodInvocationHelper.invokeMethodConsideringTimeout(MethodInvocationHelper.java:62)
at org.testng.internal.ConfigInvoker.invokeConfigurationMethod(ConfigInvoker.java:340)
at org.testng.internal.ConfigInvoker.invokeConfigurations(ConfigInvoker.java:294)
at org.testng.TestRunner.invokeTestConfigurations(TestRunner.java:623)
at org.testng.TestRunner.beforeRun(TestRunner.java:613)
at org.testng.TestRunner.run(TestRunner.java:584)
at org.testng.SuiteRunner.runTest(SuiteRunner.java:402)
at org.testng.SuiteRunner.runSequentially(SuiteRunner.java:396)
at org.testng.SuiteRunner.privateRun(SuiteRunner.java:355)
at org.testng.SuiteRunner.run(SuiteRunner.java:304)
at org.testng.SuiteRunnerWorker.runSuite(SuiteRunnerWorker.java:53)
at org.testng.SuiteRunnerWorker.run(SuiteRunnerWorker.java:96)
at org.testng.TestNG.runSuitesSequentially(TestNG.java:1180)
at org.testng.TestNG.runSuitesLocally(TestNG.java:1102)
at org.testng.TestNG.runSuites(TestNG.java:1032)
at org.testng.TestNG.run(TestNG.java:1000)
at runner.TestNGRunner.run(TestNGRunner.java:82)
at runner.JSONRunner.main(JSONRunner.java:119)
at org.codehaus.mojo.exec.ExecJavaMojo$1.run(ExecJavaMojo.java:254)
at java.lang.Thread.run(Thread.java:748)
]]>
            </full-stacktrace>
          </exception> <!-- org.testng.SkipException -->
          <reporter-output>
          </reporter-output>
        </test-method> <!-- createPortfolio -->
        <test-method status="PASS" signature="quit(org.testng.ITestContext)[pri:0, instance:testcases.rediff.PortfolioManagement@2059de89]" name="quit" is-config="true" duration-ms="26" started-at="2021-03-10T06:39:43 MST" finished-at="2021-03-10T06:39:43 MST">
          <params>
            <param index="0">
              <value>
                <![CDATA[org.testng.TestRunner@566be44d]]>
              </value>
            </param>
          </params>
          <reporter-output>
          </reporter-output>
        </test-method> <!-- quit -->
      </class> <!-- testcases.rediff.PortfolioManagement -->
    </test> <!-- Create Portfolio-Create New Portfolio-pos-IT.-2 -->
  </suite> <!-- Portfolio Suite -->
</testng-results>
